<?xml version="1.0" encoding="UTF-8"?>
<testsuite xmlns:xsi="http://www.w3.org/2001/XMLSchema-instance" xsi:noNamespaceSchemaLocation="https://maven.apache.org/surefire/maven-surefire-plugin/xsd/surefire-test-report-3.0.xsd" version="3.0" name="api.TestRunner.Runner" time="21.338" tests="28" errors="0" skipped="0" failures="0">
  <properties>
[...]
</properties>
  <testcase name="Check if user(Dietician) is able to login  valid endpoint and with valid email id and password in request body" classname="Dieticians Role Module Positive Scenarios" time="6.614">
    <system-out><![CDATA[
Scenario Outline: Check if user(Dietician) is able to login  valid endpoint and with valid email id and password in request body &amp#27;[90m# src/test/resources/Features/01Dietician_.feature:11&amp#27;[0m
io.restassured.internal.RestAssuredResponseImpl@7b10472e
HTTP/1.1 200 
Server: Cowboy
Report-To: {"group":"heroku-nel","max_age":3600,"endpoints":[{"url":"https://nel.heroku.com/reports?ts=1700515839&sid=c46efe9b-d3d2-4a0c-8c76-bfafa16c5add&s=b6Qi26pjDeHgcwtaWEFXwZvTFCwiBuNpqHxc3lCBXns%3D"}]}
Reporting-Endpoints: heroku-nel=https://nel.heroku.com/reports?ts=1700515839&sid=c46efe9b-d3d2-4a0c-8c76-bfafa16c5add&s=b6Qi26pjDeHgcwtaWEFXwZvTFCwiBuNpqHxc3lCBXns%3D
Nel: {"report_to":"heroku-nel","max_age":3600,"success_fraction":0.005,"failure_fraction":0.05,"response_headers":["Via"]}
Connection: keep-alive
Vary: Origin
Vary: Access-Control-Request-Method
Vary: Access-Control-Request-Headers
X-Content-Type-Options: nosniff
X-Xss-Protection: 1; mode=block
Cache-Control: no-cache, no-store, max-age=0, must-revalidate
Pragma: no-cache
Expires: 0
Strict-Transport-Security: max-age=31536000 ; includeSubDomains
X-Frame-Options: DENY
Content-Type: application/json
Transfer-Encoding: chunked
Date: Mon, 20 Nov 2023 21:30:39 GMT
Via: 1.1 vegur

{
    "token": "eyJhbGciOiJIUzUxMiJ9.eyJzdWIiOiJBZ2FuZXNhbjA0MTk4OUBnbWFpbC5jb20iLCJpYXQiOjE3MDA1MTU4MzksImV4cCI6MTcwMDU0NDYzOX0.y4rfUSW0SfKSehvmwuORo4t53_N0UBSKyWAi-qhU-IhWf_4aABR7PVOwxf64bdJWkDcVWQ_UCSpuXr0NU4ndgw",
    "type": "Bearer ",
    "userId": 99,
    "loginUserEmail": "Aganesan041989@gmail.com",
    "roles": [
        "ROLE_DIETICIAN"
    ]
}
[INFO ]2023-11-2016:11:40.174[main]api.Utilities.Loggerload1]-***************** Dietician has logged in Successfully***************
  &amp#27;[32mWhen &amp#27;[0m&amp#27;[32mUser sends HTTPS Request and  request Body with valid emailid and password from the excel sheet &amp#27;[0m&amp#27;[32m&amp#27;[1m"User_Login"&amp#27;[0m&amp#27;[32m and &amp#27;[0m&amp#27;[32m&amp#27;[1m0&amp#27;[0m        &amp#27;[90m# api.StepDefinitions.Dietician_Role_Steps.user_sends_https_request_and_request_body_with_valid_emailid_and_password_from_the_excel_sheet_and(java.lang.String,java.lang.Integer)&amp#27;[0m
  &amp#27;[32mThen &amp#27;[0m&amp#27;[32mUser receives &amp#27;[0m&amp#27;[32m&amp#27;[1m201&amp#27;[0m&amp#27;[32m Ok Status with response body and successfully logs in&amp#27;[0m                                                   &amp#27;[90m# api.StepDefinitions.Dietician_Role_Steps.user_receives_ok_status_with_response_body_and_successfully_logs_in(java.lang.Integer)&amp#27;[0m
]]></system-out>
    <system-err><![CDATA[SLF4J: No SLF4J providers were found.
SLF4J: Defaulting to no-operation (NOP) logger implementation
SLF4J: See https://www.slf4j.org/codes.html#noProviders for further details.
]]></system-err>
  </testcase>
  <testcase name="Check if user_dietician able to create a patient with valid endpoint and request body for non existing values" classname="Dieticians Role Module Positive Scenarios" time="1.229">
    <system-out><![CDATA[
Scenario Outline: Check if user_dietician able to create a patient with valid endpoint and request body for non existing values                             &amp#27;[90m# src/test/resources/Features/01Dietician_.feature:21&amp#27;[0m
My data:{"FirstName":"Page","LastName":"Rosenbaum","ContactNumber":1197445463,"Email":"leo.hickle@yahoo.com","Allergy":"Egg","FoodCategory":"Vegan","DateOfBirth":"2003-11-20T16:30:40.765059"}
Request method:	POST
Request URI:	https://dietician-dev-41d9a344a720.herokuapp.com/dietician/patient
Proxy:			<none>
Request params:	<none>
Query params:	<none>
Form params:	patientInfo={"FirstName":"Page","LastName":"Rosenbaum","ContactNumber":1197445463,"Email":"leo.hickle@yahoo.com","Allergy":"Egg","FoodCategory":"Vegan","DateOfBirth":"2003-11-20T16:30:40.765059"}
Path params:	<none>
Headers:		Authorization=Bearer eyJhbGciOiJIUzUxMiJ9.eyJzdWIiOiJBZ2FuZXNhbjA0MTk4OUBnbWFpbC5jb20iLCJpYXQiOjE3MDA1MTU4MzksImV4cCI6MTcwMDU0NDYzOX0.y4rfUSW0SfKSehvmwuORo4t53_N0UBSKyWAi-qhU-IhWf_4aABR7PVOwxf64bdJWkDcVWQ_UCSpuXr0NU4ndgw
				Accept=*/*
				Content-Type=multipart/form-data
Cookies:		<none>
Multiparts:		------------
				Content-Disposition: form-data; name = file; filename = Hypo Thyroid-Report.pdf
				Content-Type: application/pdf

				.\TestData\Hypo Thyroid-Report.pdf
Body:			<none>
HTTP/1.1 201 
Server: Cowboy
Report-To: {"group":"heroku-nel","max_age":3600,"endpoints":[{"url":"https://nel.heroku.com/reports?ts=1700515841&sid=c46efe9b-d3d2-4a0c-8c76-bfafa16c5add&s=gfFvpgJOWJ05B1AqpAdnvz6yjuYkG%2FpaRLwHo74ThI0%3D"}]}
Reporting-Endpoints: heroku-nel=https://nel.heroku.com/reports?ts=1700515841&sid=c46efe9b-d3d2-4a0c-8c76-bfafa16c5add&s=gfFvpgJOWJ05B1AqpAdnvz6yjuYkG%2FpaRLwHo74ThI0%3D
Nel: {"report_to":"heroku-nel","max_age":3600,"success_fraction":0.005,"failure_fraction":0.05,"response_headers":["Via"]}
Connection: keep-alive
Vary: Origin
Vary: Access-Control-Request-Method
Vary: Access-Control-Request-Headers
X-Content-Type-Options: nosniff
X-Xss-Protection: 1; mode=block
Cache-Control: no-cache, no-store, max-age=0, must-revalidate
Pragma: no-cache
Expires: 0
Strict-Transport-Security: max-age=31536000 ; includeSubDomains
X-Frame-Options: DENY
Content-Type: application/json
Transfer-Encoding: chunked
Date: Mon, 20 Nov 2023 21:30:41 GMT
Via: 1.1 vegur

{
    "patientId": 4614,
    "FirstName": "Page",
    "LastName": "Rosenbaum",
    "ContactNumber": "1197445463",
    "Email": "leo.hickle@yahoo.com",
    "Allergy": "Egg",
    "FoodCategory": "Vegan",
    "FileMorbidity": {
        "655bd001fa57dd184cbe9c61": {
            "T4": "1.22 µg/dl",
            "TSH": "100.0 mIU/L"
        }
    },
    "FileMorbidityCondition": {
        "655bd001fa57dd184cbe9c61": "Thyroid: Hypothyroidism \n"
    },
    "DateOfBirth": "2003-11-20T16:30:40.765+00:00",
    "DieticianId": 99
}
[INFO ]2023-11-2016:11:41.534[main]api.Utilities.Loggerload1]-***************** Patient Id  has been created  Successfully***************
  &amp#27;[32mWhen &amp#27;[0m&amp#27;[32mUser sends HTTPS Request and request Body with mandatory and additional  fields to create a patient records from the excel sheet &amp#27;[0m&amp#27;[32m&amp#27;[1m"New_Patient"&amp#27;[0m&amp#27;[32m and &amp#27;[0m&amp#27;[32m&amp#27;[1m0&amp#27;[0m &amp#27;[90m# api.StepDefinitions.Dietician_Role_Steps.user_sends_https_request_and_request_body_with_mandatory_and_additional_fields_to_create_a_patient_records_from_the_excel_sheet_and(java.lang.String,java.lang.Integer)&amp#27;[0m
  &amp#27;[32mThen &amp#27;[0m&amp#27;[32mUser receives &amp#27;[0m&amp#27;[32m&amp#27;[1m201&amp#27;[0m&amp#27;[32m Created Status with response body and patient is successfully created&amp#27;[0m                                                              &amp#27;[90m# api.StepDefinitions.Dietician_Role_Steps.user_receives_created_status_with_response_body_and_patient_is_successfully_created(java.lang.Integer)&amp#27;[0m
]]></system-out>
  </testcase>
  <testcase name="Check if user able to retrieve all patients with valid API Endpoint" classname="Dieticians Role Module Positive Scenarios" time="0.377">
    <system-out><![CDATA[
Scenario: Check if user able to retrieve all patients with valid API Endpoint &amp#27;[90m# src/test/resources/Features/01Dietician_.feature:24&amp#27;[0m
[INFO ]2023-11-2016:11:41.913[main]api.Utilities.Loggerload1]-*************You have retrieved ALL patients details in the system***************
  &amp#27;[32mWhen &amp#27;[0m&amp#27;[32mUser sends HTTPS Request to retrieve all patients details&amp#27;[0m              &amp#27;[90m# api.StepDefinitions.Dietician_Role_Steps.user_sends_https_request_to_retrieve_all_patients_details()&amp#27;[0m
  &amp#27;[32mThen &amp#27;[0m&amp#27;[32mUser recieves &amp#27;[0m&amp#27;[32m&amp#27;[1m200&amp#27;[0m&amp#27;[32m OK with response body&amp#27;[0m                                &amp#27;[90m# api.StepDefinitions.Dietician_Role_Steps.user_recieves_ok_with_response_body(java.lang.Integer)&amp#27;[0m
]]></system-out>
  </testcase>
  <testcase name="Check if user_dietician is able to update a patient with valid patient details and mandatory request body" classname="Dieticians Role Module Positive Scenarios" time="0.706">
    <system-out><![CDATA[
Scenario Outline: Check if user_dietician is able to update a patient with valid patient details and mandatory request body                                    &amp#27;[90m# src/test/resources/Features/01Dietician_.feature:38&amp#27;[0m
Request method:	PUT
Request URI:	https://dietician-dev-41d9a344a720.herokuapp.com/dietician/patient/4614
Proxy:			<none>
Request params:	<none>
Query params:	<none>
Form params:	patientInfo={"FirstName":"Duane","LastName":"Borer","ContactNumber":8779922191,"Email":"ettie.predovic@gmail.com","Allergy":"Egg","FoodCategory":"Vegetarian","DateOfBirth":"2003-11-20T16:30:42.146140700"}
Path params:	patientId=4614
Headers:		Authorization=Bearer eyJhbGciOiJIUzUxMiJ9.eyJzdWIiOiJBZ2FuZXNhbjA0MTk4OUBnbWFpbC5jb20iLCJpYXQiOjE3MDA1MTU4MzksImV4cCI6MTcwMDU0NDYzOX0.y4rfUSW0SfKSehvmwuORo4t53_N0UBSKyWAi-qhU-IhWf_4aABR7PVOwxf64bdJWkDcVWQ_UCSpuXr0NU4ndgw
				Accept=*/*
				Content-Type=multipart/form-data
Cookies:		<none>
Multiparts:		------------
				Content-Disposition: form-data; name = file; filename = Hypo Thyroid-Report.pdf
				Content-Type: application/pdf

				.\TestData\Hypo Thyroid-Report.pdf
Body:			<none>
HTTP/1.1 200 
Server: Cowboy
Report-To: {"group":"heroku-nel","max_age":3600,"endpoints":[{"url":"https://nel.heroku.com/reports?ts=1700515842&sid=c46efe9b-d3d2-4a0c-8c76-bfafa16c5add&s=i51zXCm9LCSyawbs%2BsaUa3H0S%2F%2BpMhfv8BLi9jme7tI%3D"}]}
Reporting-Endpoints: heroku-nel=https://nel.heroku.com/reports?ts=1700515842&sid=c46efe9b-d3d2-4a0c-8c76-bfafa16c5add&s=i51zXCm9LCSyawbs%2BsaUa3H0S%2F%2BpMhfv8BLi9jme7tI%3D
Nel: {"report_to":"heroku-nel","max_age":3600,"success_fraction":0.005,"failure_fraction":0.05,"response_headers":["Via"]}
Connection: keep-alive
Vary: Origin
Vary: Access-Control-Request-Method
Vary: Access-Control-Request-Headers
X-Content-Type-Options: nosniff
X-Xss-Protection: 1; mode=block
Cache-Control: no-cache, no-store, max-age=0, must-revalidate
Pragma: no-cache
Expires: 0
Strict-Transport-Security: max-age=31536000 ; includeSubDomains
X-Frame-Options: DENY
Content-Type: application/json
Transfer-Encoding: chunked
Date: Mon, 20 Nov 2023 21:30:42 GMT
Via: 1.1 vegur

{
    "patientId": 4614,
    "FirstName": "Duane",
    "LastName": "Borer",
    "ContactNumber": "8779922191",
    "Email": "ettie.predovic@gmail.com",
    "Allergy": "Egg",
    "FoodCategory": "Vegetarian",
    "FileMorbidity": {
        "655bd002fa57dd184cbe9c63": {
            "T4": "1.22 µg/dl",
            "TSH": "100.0 mIU/L"
        },
        "655bd001fa57dd184cbe9c61": {
            "T4": "1.22 µg/dl",
            "TSH": "100.0 mIU/L"
        }
    },
    "FileMorbidityCondition": {
        "655bd002fa57dd184cbe9c63": "Thyroid: Hypothyroidism \n",
        "655bd001fa57dd184cbe9c61": "Thyroid: Hypothyroidism \n"
    },
    "DateOfBirth": "2003-11-20T16:30:42.146+00:00",
    "DieticianId": 99
}
[INFO ]2023-11-2016:11:42.643[main]api.Utilities.Loggerload1]-The records associated with this patient Id has been successfully updated:4614
  &amp#27;[32mWhen &amp#27;[0m&amp#27;[32mUser sends HTTPS Request and request Body with mandatory and additional  fields to update a patient records from the excel sheet &amp#27;[0m&amp#27;[32m&amp#27;[1m"Update_Patient"&amp#27;[0m&amp#27;[32m and &amp#27;[0m&amp#27;[32m&amp#27;[1m0&amp#27;[0m &amp#27;[90m# api.StepDefinitions.Dietician_Role_Steps.user_sends_https_request_and_request_body_with_mandatory_and_additional_fields_to_update_a_patient_records_from_the_excel_sheet_and(java.lang.String,java.lang.Integer)&amp#27;[0m
  &amp#27;[32mThen &amp#27;[0m&amp#27;[32mUser recieves &amp#27;[0m&amp#27;[32m&amp#27;[1m200&amp#27;[0m&amp#27;[32m Ok with response body with response body and patient details are successfully updated&amp#27;[0m                                                 &amp#27;[90m# api.StepDefinitions.Dietician_Role_Steps.user_recieves_ok_with_response_body_with_response_body_and_patient_details_are_successfully_updated(java.lang.Integer)&amp#27;[0m
]]></system-out>
  </testcase>
  <testcase name="Check if user able to retrieve specific patients test report with valid API Endpoint" classname="Dieticians Role Module Positive Scenarios" time="0.354">
    <system-out><![CDATA[
Scenario Outline: Check if user able to retrieve specific patients test report with valid API Endpoint &amp#27;[90m# src/test/resources/Features/01Dietician_.feature:48&amp#27;[0m
HTTP/1.1 200 
Server: Cowboy
Report-To: {"group":"heroku-nel","max_age":3600,"endpoints":[{"url":"https://nel.heroku.com/reports?ts=1700515842&sid=c46efe9b-d3d2-4a0c-8c76-bfafa16c5add&s=i51zXCm9LCSyawbs%2BsaUa3H0S%2F%2BpMhfv8BLi9jme7tI%3D"}]}
Reporting-Endpoints: heroku-nel=https://nel.heroku.com/reports?ts=1700515842&sid=c46efe9b-d3d2-4a0c-8c76-bfafa16c5add&s=i51zXCm9LCSyawbs%2BsaUa3H0S%2F%2BpMhfv8BLi9jme7tI%3D
Nel: {"report_to":"heroku-nel","max_age":3600,"success_fraction":0.005,"failure_fraction":0.05,"response_headers":["Via"]}
Connection: keep-alive
Vary: Origin
Vary: Access-Control-Request-Method
Vary: Access-Control-Request-Headers
X-Content-Type-Options: nosniff
X-Xss-Protection: 1; mode=block
Cache-Control: no-cache, no-store, max-age=0, must-revalidate
Pragma: no-cache
Expires: 0
Strict-Transport-Security: max-age=31536000 ; includeSubDomains
X-Frame-Options: DENY
Content-Type: application/json
Transfer-Encoding: chunked
Date: Mon, 20 Nov 2023 21:30:42 GMT
Via: 1.1 vegur

[
    {
        "fileId": "655bd002fa57dd184cbe9c63",
        "fileName": "Hypo Thyroid-Report.pdf",
        "uploadDate": "2023-11-20T21:30:42.648+00:00",
        "morbidConditions": {
            "T4": "1.22 µg/dl",
            "TSH": "100.0 mIU/L"
        },
        "morbidConditionStr": "Thyroid: Hypothyroidism \n"
    },
    {
        "fileId": "655bd001fa57dd184cbe9c61",
        "fileName": "Hypo Thyroid-Report.pdf",
        "uploadDate": "2023-11-20T21:30:41.475+00:00",
        "morbidConditions": {
            "T4": "1.22 µg/dl",
            "TSH": "100.0 mIU/L"
        },
        "morbidConditionStr": "Thyroid: Hypothyroidism \n"
    }
]
[INFO ]2023-11-2016:11:42.996[main]api.Utilities.Loggerload1]-These are the records associated with this patient Id:4614
  &amp#27;[32mWhen &amp#27;[0m&amp#27;[32mUser sends HTTPS Request with valid patient id &amp#27;[0m&amp#27;[32m&amp#27;[1m0&amp#27;[0m                                                &amp#27;[90m# api.StepDefinitions.Dietician_Role_Steps.user_sends_https_request_with_valid_patient_id(java.lang.Integer)&amp#27;[0m
  &amp#27;[32mThen &amp#27;[0m&amp#27;[32mUser recieves &amp#27;[0m&amp#27;[32m&amp#27;[1m200&amp#27;[0m&amp#27;[32m OK with patient test report details&amp#27;[0m                                           &amp#27;[90m# api.StepDefinitions.Dietician_Role_Steps.user_recieves_ok_with_patient_test_report_details(java.lang.Integer)&amp#27;[0m
]]></system-out>
  </testcase>
  <testcase name="Check if user able to retrieve specific patients test report by fileid with valid API Endpoint" classname="Dieticians Role Module Positive Scenarios" time="0.29">
    <system-out><![CDATA[
Scenario Outline: Check if user able to retrieve specific patients test report by fileid with valid API Endpoint &amp#27;[90m# src/test/resources/Features/01Dietician_.feature:58&amp#27;[0m
[INFO ]2023-11-2016:11:43.286[main]api.Utilities.Loggerload1]-These are the records associated with this patient's FileId:655bd002fa57dd184cbe9c63
  &amp#27;[32mWhen &amp#27;[0m&amp#27;[32mUser sends HTTPS Request with valid fileid &amp#27;[0m&amp#27;[32m&amp#27;[1m"value"&amp#27;[0m                                                        &amp#27;[90m# api.StepDefinitions.Dietician_Role_Steps.user_sends_https_request_with_valid_fileid(java.lang.String)&amp#27;[0m
  &amp#27;[32mThen &amp#27;[0m&amp#27;[32mUser recieves &amp#27;[0m&amp#27;[32m&amp#27;[1m200&amp#27;[0m&amp#27;[32m OK with patient test report details&amp#27;[0m                                                     &amp#27;[90m# api.StepDefinitions.Dietician_Role_Steps.user_recieves_ok_with_patient_test_report_details(java.lang.Integer)&amp#27;[0m
]]></system-out>
  </testcase>
  <testcase name="Check if user able to retrieve all morbidity information" classname="Dieticians Role Module Positive Scenarios" time="0.655">
    <system-out><![CDATA[
Scenario: Check if user able to retrieve all morbidity information  &amp#27;[90m# src/test/resources/Features/01Dietician_.feature:61&amp#27;[0m
[INFO ]2023-11-2016:11:43.950[main]api.Utilities.Loggerload1]-********You have retrieved ALL Morbidity details in the system*************
  &amp#27;[32mWhen &amp#27;[0m&amp#27;[32mUser sends HTTPS Request to retrieve all morbidity details&amp#27;[0m   &amp#27;[90m# api.StepDefinitions.Dietician_Role_Steps.user_sends_https_request_to_retrieve_all_morbidity_details()&amp#27;[0m
  &amp#27;[32mThen &amp#27;[0m&amp#27;[32mUser recieves &amp#27;[0m&amp#27;[32m&amp#27;[1m200&amp#27;[0m&amp#27;[32m OK with response body with all morbidities&amp#27;[0m &amp#27;[90m# api.StepDefinitions.Dietician_Role_Steps.user_recieves_ok_with_response_body_with_all_morbidities(java.lang.Integer)&amp#27;[0m
]]></system-out>
  </testcase>
  <testcase name="Check if user able to retrieve a morbidity information with valid Morbidity TestName" classname="Dieticians Role Module Positive Scenarios" time="0.286">
    <system-out><![CDATA[
Scenario Outline: Check if user able to retrieve a morbidity information with valid Morbidity TestName &amp#27;[90m# src/test/resources/Features/01Dietician_.feature:75&amp#27;[0m
[INFO ]2023-11-2016:11:44.225[main]api.Utilities.Loggerload1]-You have retrieved the morbidity details associated with this Morbidity name:TSH
  &amp#27;[32mWhen &amp#27;[0m&amp#27;[32mUser sends HTTPS Request with morbidity test name &amp#27;[0m&amp#27;[32m&amp#27;[1m"value"&amp#27;[0m                                       &amp#27;[90m# api.StepDefinitions.Dietician_Role_Steps.user_sends_https_request_with_morbidity_test_name(java.lang.String)&amp#27;[0m
  &amp#27;[32mThen &amp#27;[0m&amp#27;[32mUser recieves &amp#27;[0m&amp#27;[32m&amp#27;[1m200&amp#27;[0m&amp#27;[32m OK with response body with the details of morbidity test name&amp#27;[0m                 &amp#27;[90m# api.StepDefinitions.Dietician_Role_Steps.user_recieves_ok_with_response_body_with_the_details_of_morbidity_test_name(java.lang.Integer)&amp#27;[0m
]]></system-out>
  </testcase>
  <testcase name="Check if user able to logout from Dietician API" classname="Dieticians Role Module Positive Scenarios" time="0.257">
    <system-out><![CDATA[
Scenario: Check if user able to logout from Dietician API               &amp#27;[90m# src/test/resources/Features/01Dietician_.feature:79&amp#27;[0m
[INFO ]2023-11-2016:11:44.484[main]api.Utilities.Loggerload1]-***************** User has logged out Successfully***************
  &amp#27;[32mWhen &amp#27;[0m&amp#27;[32mUser sends HTTPS GET Request to logout from the Dietician API&amp#27;[0m    &amp#27;[90m# api.StepDefinitions.Dietician_Role_Steps.user_sends_https_get_request_to_logout_from_the_dietician_api()&amp#27;[0m
  &amp#27;[32mThen &amp#27;[0m&amp#27;[32mUser receives &amp#27;[0m&amp#27;[32m&amp#27;[1m200&amp#27;[0m&amp#27;[32m OK Status with response body Logout successful&amp#27;[0m &amp#27;[90m# api.StepDefinitions.Dietician_Role_Steps.user_receives_ok_status_with_response_body_logout_successful(java.lang.Integer)&amp#27;[0m
]]></system-out>
  </testcase>
  <testcase name="Check if user(Patient) is able to login  valid endpoint and with valid email id and password in request body" classname="Patient Role Module Positive Scenarios" time="0.413">
    <system-out><![CDATA[
Scenario Outline: Check if user(Patient) is able to login  valid endpoint and with valid email id and password in request body    &amp#27;[90m# src/test/resources/Features/02Patient.feature:11&amp#27;[0m
io.restassured.internal.RestAssuredResponseImpl@3d376f28
HTTP/1.1 200 
Server: Cowboy
Report-To: {"group":"heroku-nel","max_age":3600,"endpoints":[{"url":"https://nel.heroku.com/reports?ts=1700515844&sid=c46efe9b-d3d2-4a0c-8c76-bfafa16c5add&s=F%2FgS6xpDOtS5kWhUrjB1FXy2ojqttYHwWdff3ELOJGE%3D"}]}
Reporting-Endpoints: heroku-nel=https://nel.heroku.com/reports?ts=1700515844&sid=c46efe9b-d3d2-4a0c-8c76-bfafa16c5add&s=F%2FgS6xpDOtS5kWhUrjB1FXy2ojqttYHwWdff3ELOJGE%3D
Nel: {"report_to":"heroku-nel","max_age":3600,"success_fraction":0.005,"failure_fraction":0.05,"response_headers":["Via"]}
Connection: keep-alive
Vary: Origin
Vary: Access-Control-Request-Method
Vary: Access-Control-Request-Headers
X-Content-Type-Options: nosniff
X-Xss-Protection: 1; mode=block
Cache-Control: no-cache, no-store, max-age=0, must-revalidate
Pragma: no-cache
Expires: 0
Strict-Transport-Security: max-age=31536000 ; includeSubDomains
X-Frame-Options: DENY
Content-Type: application/json
Transfer-Encoding: chunked
Date: Mon, 20 Nov 2023 21:30:44 GMT
Via: 1.1 vegur

{
    "token": "eyJhbGciOiJIUzUxMiJ9.eyJzdWIiOiJldHRpZS5wcmVkb3ZpY0BnbWFpbC5jb20iLCJpYXQiOjE3MDA1MTU4NDQsImV4cCI6MTcwMDU0NDY0NH0.nsMVRM8_guJR8zXR7K1sT2W8MKcKjzw99VwWqhQUEX2AOZaxubzgSmXqeUGQaJBbXgKoVJR-BsLZvmt0mw0eEg",
    "type": "Bearer ",
    "userId": 4670,
    "loginUserEmail": "ettie.predovic@gmail.com",
    "roles": [
        "ROLE_PATIENT"
    ]
}
[INFO ]2023-11-2016:11:44.922[main]api.Utilities.Loggerload1]-***************** Patient has logged in Successfully***************
  &amp#27;[32mWhen &amp#27;[0m&amp#27;[32mUser sends HTTPS Request and  request Body with valid patient emailid and password from the excel sheet &amp#27;[0m&amp#27;[32m&amp#27;[1m"User_Login"&amp#27;[0m&amp#27;[32m and &amp#27;[0m&amp#27;[32m&amp#27;[1m1&amp#27;[0m &amp#27;[90m# api.StepDefinitions.Patient_Role_Steps.user_sends_https_request_and_request_body_with_valid_patient_emailid_and_password_from_the_excel_sheet_and(java.lang.String,java.lang.Integer)&amp#27;[0m
  &amp#27;[32mThen &amp#27;[0m&amp#27;[32mUser receives &amp#27;[0m&amp#27;[32m&amp#27;[1m201&amp#27;[0m&amp#27;[32m Ok Status with response body and the patient successfully logs in&amp#27;[0m                                        &amp#27;[90m# api.StepDefinitions.Patient_Role_Steps.user_receives_ok_status_with_response_body_and_the_patient_successfully_logs_in(java.lang.Integer)&amp#27;[0m
]]></system-out>
  </testcase>
  <testcase name="Check if user able to retrieve specific patients test report with valid API Endpoint" classname="Patient Role Module Positive Scenarios" time="0.236">
    <system-out><![CDATA[
Scenario Outline: Check if user able to retrieve specific patients test report with valid API Endpoint &amp#27;[90m# src/test/resources/Features/02Patient.feature:21&amp#27;[0m
HTTP/1.1 200 
Server: Cowboy
Report-To: {"group":"heroku-nel","max_age":3600,"endpoints":[{"url":"https://nel.heroku.com/reports?ts=1700515845&sid=c46efe9b-d3d2-4a0c-8c76-bfafa16c5add&s=pph9%2B5bkXVtGwl0Q2ZguCW9KkWxkm5iRic0ctiPpJvs%3D"}]}
Reporting-Endpoints: heroku-nel=https://nel.heroku.com/reports?ts=1700515845&sid=c46efe9b-d3d2-4a0c-8c76-bfafa16c5add&s=pph9%2B5bkXVtGwl0Q2ZguCW9KkWxkm5iRic0ctiPpJvs%3D
Nel: {"report_to":"heroku-nel","max_age":3600,"success_fraction":0.005,"failure_fraction":0.05,"response_headers":["Via"]}
Connection: keep-alive
Vary: Origin
Vary: Access-Control-Request-Method
Vary: Access-Control-Request-Headers
X-Content-Type-Options: nosniff
X-Xss-Protection: 1; mode=block
Cache-Control: no-cache, no-store, max-age=0, must-revalidate
Pragma: no-cache
Expires: 0
Strict-Transport-Security: max-age=31536000 ; includeSubDomains
X-Frame-Options: DENY
Content-Type: application/json
Transfer-Encoding: chunked
Date: Mon, 20 Nov 2023 21:30:44 GMT
Via: 1.1 vegur

[
    {
        "fileId": "655bd002fa57dd184cbe9c63",
        "fileName": "Hypo Thyroid-Report.pdf",
        "uploadDate": "2023-11-20T21:30:42.648+00:00",
        "morbidConditions": {
            "T4": "1.22 µg/dl",
            "TSH": "100.0 mIU/L"
        },
        "morbidConditionStr": "Thyroid: Hypothyroidism \n"
    },
    {
        "fileId": "655bd001fa57dd184cbe9c61",
        "fileName": "Hypo Thyroid-Report.pdf",
        "uploadDate": "2023-11-20T21:30:41.475+00:00",
        "morbidConditions": {
            "T4": "1.22 µg/dl",
            "TSH": "100.0 mIU/L"
        },
        "morbidConditionStr": "Thyroid: Hypothyroidism \n"
    }
]
[INFO ]2023-11-2016:11:45.164[main]api.Utilities.Loggerload1]-These are the records associated with this patient Id:4614
  &amp#27;[32mWhen &amp#27;[0m&amp#27;[32mUser sends HTTPS Request with valid patient id &amp#27;[0m&amp#27;[32m&amp#27;[1m0&amp#27;[0m                                                &amp#27;[90m# api.StepDefinitions.Dietician_Role_Steps.user_sends_https_request_with_valid_patient_id(java.lang.Integer)&amp#27;[0m
  &amp#27;[32mThen &amp#27;[0m&amp#27;[32mUser recieves &amp#27;[0m&amp#27;[32m&amp#27;[1m200&amp#27;[0m&amp#27;[32m OK with patient test report details&amp#27;[0m                                           &amp#27;[90m# api.StepDefinitions.Dietician_Role_Steps.user_recieves_ok_with_patient_test_report_details(java.lang.Integer)&amp#27;[0m
]]></system-out>
  </testcase>
  <testcase name="Check if user able to retrieve specific patients test report by fileid with valid API Endpoint" classname="Patient Role Module Positive Scenarios" time="0.209">
    <system-out><![CDATA[
Scenario Outline: Check if user able to retrieve specific patients test report by fileid with valid API Endpoint &amp#27;[90m# src/test/resources/Features/02Patient.feature:31&amp#27;[0m
[INFO ]2023-11-2016:11:45.373[main]api.Utilities.Loggerload1]-These are the records associated with this patient's FileId:655bd002fa57dd184cbe9c63
  &amp#27;[32mWhen &amp#27;[0m&amp#27;[32mUser sends HTTPS Request with valid fileid &amp#27;[0m&amp#27;[32m&amp#27;[1m"value"&amp#27;[0m                                                        &amp#27;[90m# api.StepDefinitions.Dietician_Role_Steps.user_sends_https_request_with_valid_fileid(java.lang.String)&amp#27;[0m
  &amp#27;[32mThen &amp#27;[0m&amp#27;[32mUser recieves &amp#27;[0m&amp#27;[32m&amp#27;[1m200&amp#27;[0m&amp#27;[32m OK with patient test report files&amp#27;[0m                                                       &amp#27;[90m# api.StepDefinitions.Dietician_Role_Steps.user_recieves_ok_with_patient_test_report_files(java.lang.Integer)&amp#27;[0m
]]></system-out>
  </testcase>
  <testcase name="Check if user able to logout from Dietician API" classname="Patient Role Module Positive Scenarios" time="0.184">
    <system-out><![CDATA[
Scenario: Check if user able to logout from Dietician API               &amp#27;[90m# src/test/resources/Features/02Patient.feature:34&amp#27;[0m
[INFO ]2023-11-2016:11:45.557[main]api.Utilities.Loggerload1]-***************** User has logged out Successfully***************
  &amp#27;[32mWhen &amp#27;[0m&amp#27;[32mUser sends HTTPS GET Request to logout from the Dietician API&amp#27;[0m    &amp#27;[90m# api.StepDefinitions.Dietician_Role_Steps.user_sends_https_get_request_to_logout_from_the_dietician_api()&amp#27;[0m
  &amp#27;[32mThen &amp#27;[0m&amp#27;[32mUser receives &amp#27;[0m&amp#27;[32m&amp#27;[1m200&amp#27;[0m&amp#27;[32m OK Status with response body Logout successful&amp#27;[0m &amp#27;[90m# api.StepDefinitions.Dietician_Role_Steps.user_receives_ok_status_with_response_body_logout_successful(java.lang.Integer)&amp#27;[0m
]]></system-out>
  </testcase>
  <testcase name="Check if user(Dietician) is able to login  valid endpoint and with valid email id and password in request body" classname="Dieticians Role Module Patient Deletion Positive Scenarios" time="0.434">
    <system-out><![CDATA[
Scenario Outline: Check if user(Dietician) is able to login  valid endpoint and with valid email id and password in request body &amp#27;[90m# src/test/resources/Features/03PatientDeletion_Using_Dietician_ID.feature:12&amp#27;[0m
io.restassured.internal.RestAssuredResponseImpl@207283b4
HTTP/1.1 200 
Server: Cowboy
Report-To: {"group":"heroku-nel","max_age":3600,"endpoints":[{"url":"https://nel.heroku.com/reports?ts=1700515845&sid=c46efe9b-d3d2-4a0c-8c76-bfafa16c5add&s=pph9%2B5bkXVtGwl0Q2ZguCW9KkWxkm5iRic0ctiPpJvs%3D"}]}
Reporting-Endpoints: heroku-nel=https://nel.heroku.com/reports?ts=1700515845&sid=c46efe9b-d3d2-4a0c-8c76-bfafa16c5add&s=pph9%2B5bkXVtGwl0Q2ZguCW9KkWxkm5iRic0ctiPpJvs%3D
Nel: {"report_to":"heroku-nel","max_age":3600,"success_fraction":0.005,"failure_fraction":0.05,"response_headers":["Via"]}
Connection: keep-alive
Vary: Origin
Vary: Access-Control-Request-Method
Vary: Access-Control-Request-Headers
X-Content-Type-Options: nosniff
X-Xss-Protection: 1; mode=block
Cache-Control: no-cache, no-store, max-age=0, must-revalidate
Pragma: no-cache
Expires: 0
Strict-Transport-Security: max-age=31536000 ; includeSubDomains
X-Frame-Options: DENY
Content-Type: application/json
Transfer-Encoding: chunked
Date: Mon, 20 Nov 2023 21:30:45 GMT
Via: 1.1 vegur

{
    "token": "eyJhbGciOiJIUzUxMiJ9.eyJzdWIiOiJBZ2FuZXNhbjA0MTk4OUBnbWFpbC5jb20iLCJpYXQiOjE3MDA1MTU4NDYsImV4cCI6MTcwMDU0NDY0Nn0.XAcQsJ_Op1A1AKM6rHZsKvl6VtNAgEKVJckNZVfjeximLSl_iCB7dXT7fJyRHpgOkikernNpjfLeRxI2R7gfuA",
    "type": "Bearer ",
    "userId": 99,
    "loginUserEmail": "Aganesan041989@gmail.com",
    "roles": [
        "ROLE_DIETICIAN"
    ]
}
[INFO ]2023-11-2016:11:45.994[main]api.Utilities.Loggerload1]-***************** Dietician has logged in Successfully***************
  &amp#27;[32mWhen &amp#27;[0m&amp#27;[32mUser sends HTTPS Request and  request Body with valid emailid and password from the excel sheet &amp#27;[0m&amp#27;[32m&amp#27;[1m"User_Login"&amp#27;[0m&amp#27;[32m and &amp#27;[0m&amp#27;[32m&amp#27;[1m0&amp#27;[0m        &amp#27;[90m# api.StepDefinitions.Dietician_Role_Steps.user_sends_https_request_and_request_body_with_valid_emailid_and_password_from_the_excel_sheet_and(java.lang.String,java.lang.Integer)&amp#27;[0m
  &amp#27;[32mThen &amp#27;[0m&amp#27;[32mUser receives &amp#27;[0m&amp#27;[32m&amp#27;[1m201&amp#27;[0m&amp#27;[32m Ok Status with response body and successfully logs in&amp#27;[0m                                                   &amp#27;[90m# api.StepDefinitions.Dietician_Role_Steps.user_receives_ok_status_with_response_body_and_successfully_logs_in(java.lang.Integer)&amp#27;[0m
]]></system-out>
  </testcase>
  <testcase name="Check if user(Dietician) able to delete patient record with valid endpoint" classname="Dieticians Role Module Patient Deletion Positive Scenarios" time="0.263">
    <system-out><![CDATA[
Scenario Outline: Check if user(Dietician) able to delete patient record with valid endpoint &amp#27;[90m# src/test/resources/Features/03PatientDeletion_Using_Dietician_ID.feature:24&amp#27;[0m
[INFO ]2023-11-2016:11:46.241[main]api.Utilities.Loggerload1]-The records associated with this patient Id has been deleted successfully: 4614
  &amp#27;[32mWhen &amp#27;[0m&amp#27;[32mUser sends HTTPS Request to delete a patient record using patient &amp#27;[0m&amp#27;[32m&amp#27;[1m0&amp#27;[0m                   &amp#27;[90m# api.StepDefinitions.Dietician_Patient_Deletion_Steps.user_sends_https_request_to_delete_a_patient_record_using_patient(java.lang.Integer)&amp#27;[0m
  &amp#27;[32mThen &amp#27;[0m&amp#27;[32mUser recieves &amp#27;[0m&amp#27;[32m&amp#27;[1m200&amp#27;[0m&amp#27;[32m OK with response&amp#27;[0m                                                    &amp#27;[90m# api.StepDefinitions.Dietician_Patient_Deletion_Steps.user_recieves_ok_with_response(java.lang.Integer)&amp#27;[0m
]]></system-out>
  </testcase>
  <testcase name="Check if user able to logout from Dietician API" classname="Dieticians Role Module Patient Deletion Positive Scenarios" time="0.229">
    <system-out><![CDATA[
Scenario: Check if user able to logout from Dietician API               &amp#27;[90m# src/test/resources/Features/03PatientDeletion_Using_Dietician_ID.feature:28&amp#27;[0m
[INFO ]2023-11-2016:11:46.484[main]api.Utilities.Loggerload1]-***************** User has logged out Successfully***************
  &amp#27;[32mWhen &amp#27;[0m&amp#27;[32mUser sends HTTPS GET Request to logout from the Dietician API&amp#27;[0m    &amp#27;[90m# api.StepDefinitions.Dietician_Role_Steps.user_sends_https_get_request_to_logout_from_the_dietician_api()&amp#27;[0m
  &amp#27;[32mThen &amp#27;[0m&amp#27;[32mUser receives &amp#27;[0m&amp#27;[32m&amp#27;[1m200&amp#27;[0m&amp#27;[32m OK Status with response body Logout successful&amp#27;[0m &amp#27;[90m# api.StepDefinitions.Dietician_Role_Steps.user_receives_ok_status_with_response_body_logout_successful(java.lang.Integer)&amp#27;[0m
]]></system-out>
  </testcase>
  <testcase name="Check if user(Dietician) is able to login with invalid/blank credentials in request body #1" classname="Dietician API Negative Scenarios" time="0.661">
    <system-out><![CDATA[
Scenario Outline: Check if user(Dietician) is able to login with invalid/blank credentials in request body                                   &amp#27;[90m# src/test/resources/Features/04NegativeScenarios.feature:12&amp#27;[0m
HTTP/1.1 401 
Server: Cowboy
Report-To: {"group":"heroku-nel","max_age":3600,"endpoints":[{"url":"https://nel.heroku.com/reports?ts=1700515846&sid=c46efe9b-d3d2-4a0c-8c76-bfafa16c5add&s=E7erlDzZ5blST4gqCX1kHjWxP5iUGhFk6h4WVlh2Ldg%3D"}]}
Reporting-Endpoints: heroku-nel=https://nel.heroku.com/reports?ts=1700515846&sid=c46efe9b-d3d2-4a0c-8c76-bfafa16c5add&s=E7erlDzZ5blST4gqCX1kHjWxP5iUGhFk6h4WVlh2Ldg%3D
Nel: {"report_to":"heroku-nel","max_age":3600,"success_fraction":0.005,"failure_fraction":0.05,"response_headers":["Via"]}
Connection: keep-alive
Vary: Origin
Vary: Access-Control-Request-Method
Vary: Access-Control-Request-Headers
X-Content-Type-Options: nosniff
X-Xss-Protection: 1; mode=block
Cache-Control: no-cache, no-store, max-age=0, must-revalidate
Pragma: no-cache
Expires: 0
Strict-Transport-Security: max-age=31536000 ; includeSubDomains
X-Frame-Options: DENY
Content-Type: application/json
Transfer-Encoding: chunked
Date: Mon, 20 Nov 2023 21:30:46 GMT
Via: 1.1 vegur

{
    "timestamp": "2023-11-20T21:30:47.238+00:00",
    "status": 401,
    "error": "Unauthorized",
    "path": "/dietician/login"
}
[INFO ]2023-11-2016:11:47.161[main]api.Utilities.Loggerload1]-Login failue: Invalid Credetials!Please enter your valid email address and password*************
  &amp#27;[32mWhen &amp#27;[0m&amp#27;[32mUser sends HTTPS Request and  request Body with invalid blank emailids and passwords from the excel sheet &amp#27;[0m&amp#27;[32m&amp#27;[1m"Invalid_Credentials"&amp#27;[0m&amp#27;[32m and &amp#27;[0m&amp#27;[32m&amp#27;[1m0&amp#27;[0m &amp#27;[90m# api.StepDefinitions.All_Negative_Scenarios.user_sends_https_request_and_request_body_with_invalid_blank_emailids_and_passwords_from_the_excel_sheet_and(java.lang.String,java.lang.Integer)&amp#27;[0m
  &amp#27;[32mThen &amp#27;[0m&amp#27;[32mUser receives &amp#27;[0m&amp#27;[32m&amp#27;[1m401&amp#27;[0m&amp#27;[32m Unauthorized Status in the response body&amp#27;[0m                                                                            &amp#27;[90m# api.StepDefinitions.All_Negative_Scenarios.user_receives_unauthorized_status_in_the_response_body(java.lang.Integer)&amp#27;[0m
]]></system-out>
  </testcase>
  <testcase name="Check if user(Dietician) is able to login with invalid/blank credentials in request body #2" classname="Dietician API Negative Scenarios" time="0.334">
    <system-out><![CDATA[
Scenario Outline: Check if user(Dietician) is able to login with invalid/blank credentials in request body                                   &amp#27;[90m# src/test/resources/Features/04NegativeScenarios.feature:13&amp#27;[0m
HTTP/1.1 401 
Server: Cowboy
Report-To: {"group":"heroku-nel","max_age":3600,"endpoints":[{"url":"https://nel.heroku.com/reports?ts=1700515847&sid=c46efe9b-d3d2-4a0c-8c76-bfafa16c5add&s=MP01iAz25PAI1VCWPq5Zai60BswjN%2BgJldhhXL3gjTk%3D"}]}
Reporting-Endpoints: heroku-nel=https://nel.heroku.com/reports?ts=1700515847&sid=c46efe9b-d3d2-4a0c-8c76-bfafa16c5add&s=MP01iAz25PAI1VCWPq5Zai60BswjN%2BgJldhhXL3gjTk%3D
Nel: {"report_to":"heroku-nel","max_age":3600,"success_fraction":0.005,"failure_fraction":0.05,"response_headers":["Via"]}
Connection: keep-alive
Vary: Origin
Vary: Access-Control-Request-Method
Vary: Access-Control-Request-Headers
X-Content-Type-Options: nosniff
X-Xss-Protection: 1; mode=block
Cache-Control: no-cache, no-store, max-age=0, must-revalidate
Pragma: no-cache
Expires: 0
Strict-Transport-Security: max-age=31536000 ; includeSubDomains
X-Frame-Options: DENY
Content-Type: application/json
Transfer-Encoding: chunked
Date: Mon, 20 Nov 2023 21:30:47 GMT
Via: 1.1 vegur

{
    "timestamp": "2023-11-20T21:30:47.609+00:00",
    "status": 401,
    "error": "Unauthorized",
    "path": "/dietician/login"
}
[INFO ]2023-11-2016:11:47.503[main]api.Utilities.Loggerload1]-Login failue: Invalid Credetials!Please enter your valid email address and password*************
  &amp#27;[32mWhen &amp#27;[0m&amp#27;[32mUser sends HTTPS Request and  request Body with invalid blank emailids and passwords from the excel sheet &amp#27;[0m&amp#27;[32m&amp#27;[1m"Invalid_Credentials"&amp#27;[0m&amp#27;[32m and &amp#27;[0m&amp#27;[32m&amp#27;[1m1&amp#27;[0m &amp#27;[90m# api.StepDefinitions.All_Negative_Scenarios.user_sends_https_request_and_request_body_with_invalid_blank_emailids_and_passwords_from_the_excel_sheet_and(java.lang.String,java.lang.Integer)&amp#27;[0m
  &amp#27;[32mThen &amp#27;[0m&amp#27;[32mUser receives &amp#27;[0m&amp#27;[32m&amp#27;[1m401&amp#27;[0m&amp#27;[32m Unauthorized Status in the response body&amp#27;[0m                                                                            &amp#27;[90m# api.StepDefinitions.All_Negative_Scenarios.user_receives_unauthorized_status_in_the_response_body(java.lang.Integer)&amp#27;[0m
]]></system-out>
  </testcase>
  <testcase name="Check if user(Dietician) is able to login with invalid/blank credentials in request body #3" classname="Dietician API Negative Scenarios" time="0.318">
    <system-out><![CDATA[
Scenario Outline: Check if user(Dietician) is able to login with invalid/blank credentials in request body                                   &amp#27;[90m# src/test/resources/Features/04NegativeScenarios.feature:14&amp#27;[0m
HTTP/1.1 401 
Server: Cowboy
Report-To: {"group":"heroku-nel","max_age":3600,"endpoints":[{"url":"https://nel.heroku.com/reports?ts=1700515847&sid=c46efe9b-d3d2-4a0c-8c76-bfafa16c5add&s=MP01iAz25PAI1VCWPq5Zai60BswjN%2BgJldhhXL3gjTk%3D"}]}
Reporting-Endpoints: heroku-nel=https://nel.heroku.com/reports?ts=1700515847&sid=c46efe9b-d3d2-4a0c-8c76-bfafa16c5add&s=MP01iAz25PAI1VCWPq5Zai60BswjN%2BgJldhhXL3gjTk%3D
Nel: {"report_to":"heroku-nel","max_age":3600,"success_fraction":0.005,"failure_fraction":0.05,"response_headers":["Via"]}
Connection: keep-alive
Vary: Origin
Vary: Access-Control-Request-Method
Vary: Access-Control-Request-Headers
X-Content-Type-Options: nosniff
X-Xss-Protection: 1; mode=block
Cache-Control: no-cache, no-store, max-age=0, must-revalidate
Pragma: no-cache
Expires: 0
Strict-Transport-Security: max-age=31536000 ; includeSubDomains
X-Frame-Options: DENY
Content-Type: application/json
Transfer-Encoding: chunked
Date: Mon, 20 Nov 2023 21:30:47 GMT
Via: 1.1 vegur

{
    "timestamp": "2023-11-20T21:30:47.892+00:00",
    "status": 401,
    "error": "Unauthorized",
    "path": "/dietician/login"
}
[INFO ]2023-11-2016:11:47.817[main]api.Utilities.Loggerload1]-Login failue: Invalid Credetials!Please enter your valid email address and password*************
  &amp#27;[32mWhen &amp#27;[0m&amp#27;[32mUser sends HTTPS Request and  request Body with invalid blank emailids and passwords from the excel sheet &amp#27;[0m&amp#27;[32m&amp#27;[1m"Invalid_Credentials"&amp#27;[0m&amp#27;[32m and &amp#27;[0m&amp#27;[32m&amp#27;[1m2&amp#27;[0m &amp#27;[90m# api.StepDefinitions.All_Negative_Scenarios.user_sends_https_request_and_request_body_with_invalid_blank_emailids_and_passwords_from_the_excel_sheet_and(java.lang.String,java.lang.Integer)&amp#27;[0m
  &amp#27;[32mThen &amp#27;[0m&amp#27;[32mUser receives &amp#27;[0m&amp#27;[32m&amp#27;[1m401&amp#27;[0m&amp#27;[32m Unauthorized Status in the response body&amp#27;[0m                                                                            &amp#27;[90m# api.StepDefinitions.All_Negative_Scenarios.user_receives_unauthorized_status_in_the_response_body(java.lang.Integer)&amp#27;[0m
]]></system-out>
  </testcase>
  <testcase name="Check if user(Dietician) is able to login with invalid/blank credentials in request body #4" classname="Dietician API Negative Scenarios" time="0.452">
    <system-out><![CDATA[
Scenario Outline: Check if user(Dietician) is able to login with invalid/blank credentials in request body                                   &amp#27;[90m# src/test/resources/Features/04NegativeScenarios.feature:15&amp#27;[0m
HTTP/1.1 401 
Server: Cowboy
Report-To: {"group":"heroku-nel","max_age":3600,"endpoints":[{"url":"https://nel.heroku.com/reports?ts=1700515848&sid=c46efe9b-d3d2-4a0c-8c76-bfafa16c5add&s=03dV8kWvYat0MGLlYRMvdXvxCyvjZL7OxDtah%2BEmcFw%3D"}]}
Reporting-Endpoints: heroku-nel=https://nel.heroku.com/reports?ts=1700515848&sid=c46efe9b-d3d2-4a0c-8c76-bfafa16c5add&s=03dV8kWvYat0MGLlYRMvdXvxCyvjZL7OxDtah%2BEmcFw%3D
Nel: {"report_to":"heroku-nel","max_age":3600,"success_fraction":0.005,"failure_fraction":0.05,"response_headers":["Via"]}
Connection: keep-alive
Vary: Origin
Vary: Access-Control-Request-Method
Vary: Access-Control-Request-Headers
X-Content-Type-Options: nosniff
X-Xss-Protection: 1; mode=block
Cache-Control: no-cache, no-store, max-age=0, must-revalidate
Pragma: no-cache
Expires: 0
Strict-Transport-Security: max-age=31536000 ; includeSubDomains
X-Frame-Options: DENY
Content-Type: application/json
Transfer-Encoding: chunked
Date: Mon, 20 Nov 2023 21:30:47 GMT
Via: 1.1 vegur

{
    "timestamp": "2023-11-20T21:30:48.315+00:00",
    "status": 401,
    "error": "Unauthorized",
    "path": "/dietician/login"
}
[INFO ]2023-11-2016:11:48.244[main]api.Utilities.Loggerload1]-Login failue: Invalid Credetials!Please enter your valid email address and password*************
  &amp#27;[32mWhen &amp#27;[0m&amp#27;[32mUser sends HTTPS Request and  request Body with invalid blank emailids and passwords from the excel sheet &amp#27;[0m&amp#27;[32m&amp#27;[1m"Invalid_Credentials"&amp#27;[0m&amp#27;[32m and &amp#27;[0m&amp#27;[32m&amp#27;[1m3&amp#27;[0m &amp#27;[90m# api.StepDefinitions.All_Negative_Scenarios.user_sends_https_request_and_request_body_with_invalid_blank_emailids_and_passwords_from_the_excel_sheet_and(java.lang.String,java.lang.Integer)&amp#27;[0m
  &amp#27;[32mThen &amp#27;[0m&amp#27;[32mUser receives &amp#27;[0m&amp#27;[32m&amp#27;[1m401&amp#27;[0m&amp#27;[32m Unauthorized Status in the response body&amp#27;[0m                                                                            &amp#27;[90m# api.StepDefinitions.All_Negative_Scenarios.user_receives_unauthorized_status_in_the_response_body(java.lang.Integer)&amp#27;[0m
]]></system-out>
  </testcase>
  <testcase name="Check if user(Dietician) is able to login  valid endpoint and with valid email id and password in request body" classname="Dietician API Negative Scenarios" time="0.415">
    <system-out><![CDATA[
Scenario Outline: Check if user(Dietician) is able to login  valid endpoint and with valid email id and password in request body &amp#27;[90m# src/test/resources/Features/04NegativeScenarios.feature:26&amp#27;[0m
io.restassured.internal.RestAssuredResponseImpl@6fec6b75
HTTP/1.1 200 
Server: Cowboy
Report-To: {"group":"heroku-nel","max_age":3600,"endpoints":[{"url":"https://nel.heroku.com/reports?ts=1700515848&sid=c46efe9b-d3d2-4a0c-8c76-bfafa16c5add&s=03dV8kWvYat0MGLlYRMvdXvxCyvjZL7OxDtah%2BEmcFw%3D"}]}
Reporting-Endpoints: heroku-nel=https://nel.heroku.com/reports?ts=1700515848&sid=c46efe9b-d3d2-4a0c-8c76-bfafa16c5add&s=03dV8kWvYat0MGLlYRMvdXvxCyvjZL7OxDtah%2BEmcFw%3D
Nel: {"report_to":"heroku-nel","max_age":3600,"success_fraction":0.005,"failure_fraction":0.05,"response_headers":["Via"]}
Connection: keep-alive
Vary: Origin
Vary: Access-Control-Request-Method
Vary: Access-Control-Request-Headers
X-Content-Type-Options: nosniff
X-Xss-Protection: 1; mode=block
Cache-Control: no-cache, no-store, max-age=0, must-revalidate
Pragma: no-cache
Expires: 0
Strict-Transport-Security: max-age=31536000 ; includeSubDomains
X-Frame-Options: DENY
Content-Type: application/json
Transfer-Encoding: chunked
Date: Mon, 20 Nov 2023 21:30:48 GMT
Via: 1.1 vegur

{
    "token": "eyJhbGciOiJIUzUxMiJ9.eyJzdWIiOiJBZ2FuZXNhbjA0MTk4OUBnbWFpbC5jb20iLCJpYXQiOjE3MDA1MTU4NDgsImV4cCI6MTcwMDU0NDY0OH0.LEbZKdQz7Al5LrWCtNmXuDcW-eVRr0Bmq8StJLdA1_L4U9jDiYZ4_3Yd3NfHnVRz0JrHIMDw5M9SERd0-D-ixQ",
    "type": "Bearer ",
    "userId": 99,
    "loginUserEmail": "Aganesan041989@gmail.com",
    "roles": [
        "ROLE_DIETICIAN"
    ]
}
[INFO ]2023-11-2016:11:48.689[main]api.Utilities.Loggerload1]-***************** Dietician has logged in Successfully***************
  &amp#27;[32mWhen &amp#27;[0m&amp#27;[32mUser sends HTTPS Request and  request Body with valid emailid and password from the excel sheet &amp#27;[0m&amp#27;[32m&amp#27;[1m"User_Login"&amp#27;[0m&amp#27;[32m and &amp#27;[0m&amp#27;[32m&amp#27;[1m0&amp#27;[0m        &amp#27;[90m# api.StepDefinitions.Dietician_Role_Steps.user_sends_https_request_and_request_body_with_valid_emailid_and_password_from_the_excel_sheet_and(java.lang.String,java.lang.Integer)&amp#27;[0m
  &amp#27;[32mThen &amp#27;[0m&amp#27;[32mUser receives &amp#27;[0m&amp#27;[32m&amp#27;[1m201&amp#27;[0m&amp#27;[32m Ok Status with response body and successfully logs in&amp#27;[0m                                                   &amp#27;[90m# api.StepDefinitions.Dietician_Role_Steps.user_receives_ok_status_with_response_body_and_successfully_logs_in(java.lang.Integer)&amp#27;[0m
]]></system-out>
  </testcase>
  <testcase name="Check if user_dietician able to create a patient with valid endpoint and request body for non existing values #1" classname="Dietician API Negative Scenarios" time="0.459">
    <system-out><![CDATA[
Scenario Outline: Check if user_dietician able to create a patient with valid endpoint and request body for non existing values                      &amp#27;[90m# src/test/resources/Features/04NegativeScenarios.feature:37&amp#27;[0m
My data:{"ContactNumber":0,"Allergy":"Egg","FoodCategory":"Vegan"}
Request method:	POST
Request URI:	https://dietician-dev-41d9a344a720.herokuapp.com/dietician/patient
Proxy:			<none>
Request params:	<none>
Query params:	<none>
Form params:	patientInfo={"ContactNumber":0,"Allergy":"Egg","FoodCategory":"Vegan"}
Path params:	<none>
Headers:		Authorization=Bearer eyJhbGciOiJIUzUxMiJ9.eyJzdWIiOiJBZ2FuZXNhbjA0MTk4OUBnbWFpbC5jb20iLCJpYXQiOjE3MDA1MTU4NDgsImV4cCI6MTcwMDU0NDY0OH0.LEbZKdQz7Al5LrWCtNmXuDcW-eVRr0Bmq8StJLdA1_L4U9jDiYZ4_3Yd3NfHnVRz0JrHIMDw5M9SERd0-D-ixQ
				Accept=*/*
				Content-Type=multipart/form-data
Cookies:		<none>
Multiparts:		------------
				Content-Disposition: form-data; name = file; filename = Hypo Thyroid-Report.pdf
				Content-Type: application/pdf

				C:\Users\Prasanna\eclipse-workspace\API_Mavericks\Team6_API_Hackathon\Team6_API_Hackathon_API_Mavericks\TestData\Hypo Thyroid-Report.pdf
Body:			<none>
HTTP/1.1 400 
Server: Cowboy
Report-To: {"group":"heroku-nel","max_age":3600,"endpoints":[{"url":"https://nel.heroku.com/reports?ts=1700515849&sid=c46efe9b-d3d2-4a0c-8c76-bfafa16c5add&s=KTjnL4WOhSmYvybwXWUc0ITSpbReCCuy5I7hWPRIbC4%3D"}]}
Reporting-Endpoints: heroku-nel=https://nel.heroku.com/reports?ts=1700515849&sid=c46efe9b-d3d2-4a0c-8c76-bfafa16c5add&s=KTjnL4WOhSmYvybwXWUc0ITSpbReCCuy5I7hWPRIbC4%3D
Nel: {"report_to":"heroku-nel","max_age":3600,"success_fraction":0.005,"failure_fraction":0.05,"response_headers":["Via"]}
Connection: keep-alive
Vary: Origin
Vary: Access-Control-Request-Method
Vary: Access-Control-Request-Headers
X-Content-Type-Options: nosniff
X-Xss-Protection: 1; mode=block
Cache-Control: no-cache, no-store, max-age=0, must-revalidate
Pragma: no-cache
Expires: 0
Strict-Transport-Security: max-age=31536000 ; includeSubDomains
X-Frame-Options: DENY
Content-Type: application/json
Transfer-Encoding: chunked
Date: Mon, 20 Nov 2023 21:30:48 GMT
Via: 1.1 vegur

{
    "errorCode": "INVALID_REQ_DATA",
    "errorMessage": "User First Name is Mandatory!\n User Last Name is Mandatory!\n Date of Birth is Mandatory!\n Contact number should contain 10 digits\n "
}
[INFO ]2023-11-2016:11:49.150[main]api.Utilities.Loggerload1]-Action failed: Please provide all mandatory details to create a new patient
  &amp#27;[32mWhen &amp#27;[0m&amp#27;[32mUser sends HTTPS Request and request Body without mandatory fields tries to create a patient records from the excel sheet &amp#27;[0m&amp#27;[32m&amp#27;[1m"New_Patient"&amp#27;[0m&amp#27;[32m and &amp#27;[0m&amp#27;[32m&amp#27;[1m0&amp#27;[0m &amp#27;[90m# api.StepDefinitions.All_Negative_Scenarios.user_sends_https_request_and_request_body_without_mandatory_fields_tries_to_create_a_patient_records_from_the_excel_sheet_and(java.lang.String,java.lang.Integer)&amp#27;[0m
  &amp#27;[32mThen &amp#27;[0m&amp#27;[32mUser receives &amp#27;[0m&amp#27;[32m&amp#27;[1m400&amp#27;[0m&amp#27;[32m Bad Request Status created&amp#27;[0m                                                                                                  &amp#27;[90m# api.StepDefinitions.All_Negative_Scenarios.user_receives_bad_request_status_created(java.lang.Integer)&amp#27;[0m
]]></system-out>
  </testcase>
  <testcase name="Check if user_dietician able to create a patient with valid endpoint and request body for non existing values #2" classname="Dietician API Negative Scenarios" time="0.361">
    <system-out><![CDATA[
Scenario Outline: Check if user_dietician able to create a patient with valid endpoint and request body for non existing values                                            &amp#27;[90m# src/test/resources/Features/04NegativeScenarios.feature:47&amp#27;[0m
My data:{"ContactNumber":0,"Allergy":"Egg","FoodCategory":"Vegan"}
Request method:	POST
Request URI:	https://dietician-dev-41d9a344a720.herokuapp.com/dietician/patient
Proxy:			<none>
Request params:	<none>
Query params:	<none>
Form params:	<none>
Path params:	<none>
Headers:		Authorization=Bearer eyJhbGciOiJIUzUxMiJ9.eyJzdWIiOiJBZ2FuZXNhbjA0MTk4OUBnbWFpbC5jb20iLCJpYXQiOjE3MDA1MTU4NDgsImV4cCI6MTcwMDU0NDY0OH0.LEbZKdQz7Al5LrWCtNmXuDcW-eVRr0Bmq8StJLdA1_L4U9jDiYZ4_3Yd3NfHnVRz0JrHIMDw5M9SERd0-D-ixQ
				Accept=*/*
				Content-Type=multipart/form-data
Cookies:		<none>
Multiparts:		------------
				Content-Disposition: form-data; name = file; filename = Hypo Thyroid-Report.pdf
				Content-Type: application/pdf

				C:\Users\Prasanna\eclipse-workspace\API_Mavericks\Team6_API_Hackathon\Team6_API_Hackathon_API_Mavericks\TestData\Hypo Thyroid-Report.pdf
Body:			<none>
HTTP/1.1 400 
Server: Cowboy
Report-To: {"group":"heroku-nel","max_age":3600,"endpoints":[{"url":"https://nel.heroku.com/reports?ts=1700515849&sid=c46efe9b-d3d2-4a0c-8c76-bfafa16c5add&s=KTjnL4WOhSmYvybwXWUc0ITSpbReCCuy5I7hWPRIbC4%3D"}]}
Reporting-Endpoints: heroku-nel=https://nel.heroku.com/reports?ts=1700515849&sid=c46efe9b-d3d2-4a0c-8c76-bfafa16c5add&s=KTjnL4WOhSmYvybwXWUc0ITSpbReCCuy5I7hWPRIbC4%3D
Nel: {"report_to":"heroku-nel","max_age":3600,"success_fraction":0.005,"failure_fraction":0.05,"response_headers":["Via"]}
Connection: keep-alive
Vary: Origin
Vary: Access-Control-Request-Method
Vary: Access-Control-Request-Headers
X-Content-Type-Options: nosniff
X-Xss-Protection: 1; mode=block
Cache-Control: no-cache, no-store, max-age=0, must-revalidate
Pragma: no-cache
Expires: 0
Strict-Transport-Security: max-age=31536000 ; includeSubDomains
X-Frame-Options: DENY
Content-Type: application/json
Transfer-Encoding: chunked
Date: Mon, 20 Nov 2023 21:30:48 GMT
Via: 1.1 vegur

{
    "timestamp": "2023-11-20T21:30:49.623+00:00",
    "status": 400,
    "error": "Bad Request",
    "path": "/dietician/patient"
}
[INFO ]2023-11-2016:11:49.505[main]api.Utilities.Loggerload1]-Action failed:No Patient Info Found !!!
  &amp#27;[32mWhen &amp#27;[0m&amp#27;[32mUser sends HTTPS Request and request Body without patientinfo and attaches only the file tries to create a patient records from the excel sheet &amp#27;[0m&amp#27;[32m&amp#27;[1m"New_Patient"&amp#27;[0m&amp#27;[32m and &amp#27;[0m&amp#27;[32m&amp#27;[1m0&amp#27;[0m &amp#27;[90m# api.StepDefinitions.All_Negative_Scenarios.user_sends_https_request_and_request_body_without_patientinfo_and_attaches_only_the_file_tries_to_create_a_patient_records_from_the_excel_sheet_and(java.lang.String,java.lang.Integer)&amp#27;[0m
  &amp#27;[32mThen &amp#27;[0m&amp#27;[32mUser receives &amp#27;[0m&amp#27;[32m&amp#27;[1m400&amp#27;[0m&amp#27;[32m Bad Request Status created and patientid is not created&amp#27;[0m                                                                                           &amp#27;[90m# api.StepDefinitions.All_Negative_Scenarios.user_receives_bad_request_status_created_and_patientid_is_not_created(java.lang.Integer)&amp#27;[0m
]]></system-out>
  </testcase>
  <testcase name="Check if user_dietician is able to update a patient with invalid patient details and mandatory request body" classname="Dietician API Negative Scenarios" time="0.471">
    <system-out><![CDATA[
Scenario Outline: Check if user_dietician is able to update a patient with invalid patient details and mandatory request body                                                         &amp#27;[90m# src/test/resources/Features/04NegativeScenarios.feature:57&amp#27;[0m
{"FirstName":"Leslie","LastName":"Reinger","ContactNumber":6379312480,"Email":"reyna.friesen@yahoo.com","Allergy":"Egg","FoodCategory":"Vegetarian","DateOfBirth":"2003-11-20T16:30:49.676781500"}
Request method:	PUT
Request URI:	https://dietician-dev-41d9a344a720.herokuapp.com/dietician/patient/12345
Proxy:			<none>
Request params:	<none>
Query params:	<none>
Form params:	patientInfo={"FirstName":"Leslie","LastName":"Reinger","ContactNumber":6379312480,"Email":"reyna.friesen@yahoo.com","Allergy":"Egg","FoodCategory":"Vegetarian","DateOfBirth":"2003-11-20T16:30:49.676781500"}
Path params:	patientId=12345
Headers:		Authorization=Bearer eyJhbGciOiJIUzUxMiJ9.eyJzdWIiOiJBZ2FuZXNhbjA0MTk4OUBnbWFpbC5jb20iLCJpYXQiOjE3MDA1MTU4NDgsImV4cCI6MTcwMDU0NDY0OH0.LEbZKdQz7Al5LrWCtNmXuDcW-eVRr0Bmq8StJLdA1_L4U9jDiYZ4_3Yd3NfHnVRz0JrHIMDw5M9SERd0-D-ixQ
				Accept=*/*
				Content-Type=multipart/form-data
Cookies:		<none>
Multiparts:		------------
				Content-Disposition: form-data; name = file; filename = Hypo Thyroid-Report.pdf
				Content-Type: application/pdf

				C:\Users\Prasanna\eclipse-workspace\API_Mavericks\Team6_API_Hackathon\Team6_API_Hackathon_API_Mavericks\TestData\Hypo Thyroid-Report.pdf
Body:			<none>
HTTP/1.1 404 
Server: Cowboy
Report-To: {"group":"heroku-nel","max_age":3600,"endpoints":[{"url":"https://nel.heroku.com/reports?ts=1700515849&sid=c46efe9b-d3d2-4a0c-8c76-bfafa16c5add&s=KTjnL4WOhSmYvybwXWUc0ITSpbReCCuy5I7hWPRIbC4%3D"}]}
Reporting-Endpoints: heroku-nel=https://nel.heroku.com/reports?ts=1700515849&sid=c46efe9b-d3d2-4a0c-8c76-bfafa16c5add&s=KTjnL4WOhSmYvybwXWUc0ITSpbReCCuy5I7hWPRIbC4%3D
Nel: {"report_to":"heroku-nel","max_age":3600,"success_fraction":0.005,"failure_fraction":0.05,"response_headers":["Via"]}
Connection: keep-alive
Vary: Origin
Vary: Access-Control-Request-Method
Vary: Access-Control-Request-Headers
X-Content-Type-Options: nosniff
X-Xss-Protection: 1; mode=block
Cache-Control: no-cache, no-store, max-age=0, must-revalidate
Pragma: no-cache
Expires: 0
Strict-Transport-Security: max-age=31536000 ; includeSubDomains
X-Frame-Options: DENY
Content-Type: application/json
Transfer-Encoding: chunked
Date: Mon, 20 Nov 2023 21:30:49 GMT
Via: 1.1 vegur

{
    "errorCode": "NOT_FOUND",
    "errorMessage": "Patient not found with patientId : 12345"
}
[INFO ]2023-11-2016:11:49.981[main]api.Utilities.Loggerload1]-Action failed: Please Provide the correct patient Id to update the records
  &amp#27;[32mWhen &amp#27;[0m&amp#27;[32mUser sends HTTPS Request and request Body with mandatory and additional  fields to update a patient records with invalid patientID from the excel sheet &amp#27;[0m&amp#27;[32m&amp#27;[1m"Update_Patient"&amp#27;[0m&amp#27;[32m and &amp#27;[0m&amp#27;[32m&amp#27;[1m0&amp#27;[0m &amp#27;[90m# api.StepDefinitions.All_Negative_Scenarios.user_sends_https_request_and_request_body_with_mandatory_and_additional_fields_to_update_a_patient_records_with_invalid_patient_id_from_the_excel_sheet_and(java.lang.String,java.lang.Integer)&amp#27;[0m
  &amp#27;[32mThen &amp#27;[0m&amp#27;[32mUser recieves &amp#27;[0m&amp#27;[32m&amp#27;[1m400&amp#27;[0m&amp#27;[32m bad request is created and update failed&amp#27;[0m                                                                                                                     &amp#27;[90m# api.StepDefinitions.All_Negative_Scenarios.user_recieves_bad_request_is_created_and_update_failed(java.lang.Integer)&amp#27;[0m
]]></system-out>
  </testcase>
  <testcase name="Check if user able to retrieve specific patients test report with valid API Endpoint" classname="Dietician API Negative Scenarios" time="0.2">
    <system-out><![CDATA[
Scenario Outline: Check if user able to retrieve specific patients test report with valid API Endpoint &amp#27;[90m# src/test/resources/Features/04NegativeScenarios.feature:66&amp#27;[0m
[INFO ]2023-11-2016:11:50.175[main]api.Utilities.Loggerload1]-Action failed: Incorrect patientId!Records cannot be viewed
  &amp#27;[32mWhen &amp#27;[0m&amp#27;[32mUser sends HTTPS Request with invalid patient id &amp#27;[0m&amp#27;[32m&amp#27;[1m0&amp#27;[0m                                              &amp#27;[90m# api.StepDefinitions.All_Negative_Scenarios.user_sends_https_request_with_invalid_patient_id(java.lang.Integer)&amp#27;[0m
  &amp#27;[32mThen &amp#27;[0m&amp#27;[32mUser recieves &amp#27;[0m&amp#27;[32m&amp#27;[1m404&amp#27;[0m&amp#27;[32m not found and reports failed to be displayed.&amp#27;[0m                                 &amp#27;[90m# api.StepDefinitions.All_Negative_Scenarios.user_recieves_not_found_and_reports_failed_to_be_displayed(java.lang.Integer)&amp#27;[0m
]]></system-out>
  </testcase>
  <testcase name="Check if user able to retrieve specific patients test report by fileid with valid API Endpoint" classname="Dietician API Negative Scenarios" time="0.207">
    <system-out><![CDATA[
Scenario Outline: Check if user able to retrieve specific patients test report by fileid with valid API Endpoint &amp#27;[90m# src/test/resources/Features/04NegativeScenarios.feature:75&amp#27;[0m
[INFO ]2023-11-2016:11:50.392[main]api.Utilities.Loggerload1]-Action failed: Incorrect FileId!Records cannot be viewed
  &amp#27;[32mWhen &amp#27;[0m&amp#27;[32mUser sends HTTPS Request with invalid fileid &amp#27;[0m&amp#27;[32m&amp#27;[1m"value"&amp#27;[0m                                                      &amp#27;[90m# api.StepDefinitions.All_Negative_Scenarios.user_sends_https_request_with_invalid_fileid(java.lang.String)&amp#27;[0m
  &amp#27;[32mThen &amp#27;[0m&amp#27;[32mUser recieves &amp#27;[0m&amp#27;[32m&amp#27;[1m404&amp#27;[0m&amp#27;[32m not found with no patient test report details&amp#27;[0m                                           &amp#27;[90m# api.StepDefinitions.All_Negative_Scenarios.user_recieves_not_found_with_no_patient_test_report_details(java.lang.Integer)&amp#27;[0m
]]></system-out>
  </testcase>
  <testcase name="Check if user able to retrieve a morbidity information with valid Morbidity TestName" classname="Dietician API Negative Scenarios" time="0.205">
    <system-out><![CDATA[
Scenario Outline: Check if user able to retrieve a morbidity information with valid Morbidity TestName &amp#27;[90m# src/test/resources/Features/04NegativeScenarios.feature:85&amp#27;[0m
[INFO ]2023-11-2016:11:50.598[main]api.Utilities.Loggerload1]-Action failed: Morbidity Name doesnt match!Records cannot be viewed
  &amp#27;[32mWhen &amp#27;[0m&amp#27;[32mUser sends HTTPS Request with invalid  morbidity test name &amp#27;[0m&amp#27;[32m&amp#27;[1m"value"&amp#27;[0m                              &amp#27;[90m# api.StepDefinitions.All_Negative_Scenarios.user_sends_https_request_with_invalid_morbidity_test_name(java.lang.String)&amp#27;[0m
  &amp#27;[32mThen &amp#27;[0m&amp#27;[32mUser recieves &amp#27;[0m&amp#27;[32m&amp#27;[1m400&amp#27;[0m&amp#27;[32m Bad Request with no details of morbidity test name getting displayed&amp#27;[0m          &amp#27;[90m# api.StepDefinitions.All_Negative_Scenarios.user_recieves_bad_request_with_no_details_of_morbidity_test_name_getting_displayed(java.lang.Integer)&amp#27;[0m
]]></system-out>
  </testcase>
  <testcase name="Check if user(Dietician) able to delete patient record with valid endpoint" classname="Dietician API Negative Scenarios" time="0.181">
    <system-out><![CDATA[
Scenario Outline: Check if user(Dietician) able to delete patient record with valid endpoint &amp#27;[90m# src/test/resources/Features/04NegativeScenarios.feature:96&amp#27;[0m
[INFO ]2023-11-2016:11:50.780[main]api.Utilities.Loggerload1]-Action failed: Patient Id doesnt exists to perform delete actions!!
  &amp#27;[32mWhen &amp#27;[0m&amp#27;[32mUser sends HTTPS Request to delete a patient record using invalid patient &amp#27;[0m&amp#27;[32m&amp#27;[1m0&amp#27;[0m           &amp#27;[90m# api.StepDefinitions.All_Negative_Scenarios.user_sends_https_request_to_delete_a_patient_record_using_invalid_patient(java.lang.Integer)&amp#27;[0m
  &amp#27;[32mThen &amp#27;[0m&amp#27;[32mUser recieves &amp#27;[0m&amp#27;[32m&amp#27;[1m404&amp#27;[0m&amp#27;[32m not found with response&amp#27;[0m                                             &amp#27;[90m# api.StepDefinitions.All_Negative_Scenarios.user_recieves_not_found_with_response(java.lang.Integer)&amp#27;[0m
]]></system-out>
  </testcase>
</testsuite>